<?xml version="1.0" encoding="UTF-8"?>
<!-- Generated by org.testng.reporters.JUnitXMLReporter -->
<testsuite hostname="Gio" ignored="3" tests="1" failures="0" timestamp="27 Sep 2019 08:09:54 GMT" time="16.04" errors="0">
  <testcase name="f3" time="15.952" classname="FilterTest"/>
  <testcase name="f2" time="0.0" classname="FilterTest">
    <ignored/>
  </testcase> <!-- f2 -->
  <testcase name="f4" time="0.0" classname="FilterTest">
    <ignored/>
  </testcase> <!-- f4 -->
  <testcase name="f1" time="0.0" classname="FilterTest">
    <ignored/>
  </testcase> <!-- f1 -->
</testsuite>
