<?xml version="1.0" encoding="UTF-8"?>
<!-- Generated by org.testng.reporters.JUnitXMLReporter -->
<testsuite hostname="Gio" ignored="0" tests="9" failures="0" timestamp="28 Sep 2019 17:12:10 GMT" time="38.874" errors="0">
  <testcase name="A_SanityFilter" time="12.463" classname="FilterTest"/>
  <testcase name="B_RegrssionFilter" time="12.934" classname="FilterTest"/>
  <testcase name="C_FullFilter" time="13.296" classname="FilterTest"/>
  <testcase name="A_SanityClarity" time="0.0" classname="ClarityTest"/>
  <testcase name="B_RegressionClarity" time="0.001" classname="ClarityTest"/>
  <testcase name="C_FullClarity" time="0.001" classname="ClarityTest"/>
  <testcase name="A_RegressionCrop" time="0.001" classname="CropTest"/>
  <testcase name="B_RegressionCrop2" time="0.001" classname="CropTest"/>
  <testcase name="C_FullCrop" time="0.001" classname="CropTest"/>
</testsuite>
