<?xml version="1.0" encoding="UTF-8"?>
<testng-results skipped="0" failed="0" ignored="0" total="9" passed="9">
  <reporter-output>
  </reporter-output>
  <suite name="Suite" duration-ms="42234" started-at="2019-09-28T17:05:53Z" finished-at="2019-09-28T17:06:35Z">
    <groups>
      <group name="regression">
        <method signature="ClarityTest.A_SanityClarity()[pri:0, instance:ClarityTest@55f3ddb1]" name="A_SanityClarity" class="ClarityTest"/>
        <method signature="ClarityTest.B_RegressionClarity()[pri:0, instance:ClarityTest@55f3ddb1]" name="B_RegressionClarity" class="ClarityTest"/>
        <method signature="CropTest.A_RegressionCrop()[pri:0, instance:CropTest@8bd1b6a]" name="A_RegressionCrop" class="CropTest"/>
        <method signature="CropTest.B_RegressionCrop2()[pri:0, instance:CropTest@8bd1b6a]" name="B_RegressionCrop2" class="CropTest"/>
        <method signature="FilterTest.A_SanityFilter()[pri:0, instance:FilterTest@cc285f4]" name="A_SanityFilter" class="FilterTest"/>
        <method signature="FilterTest.B_RegrssionFilter()[pri:0, instance:FilterTest@cc285f4]" name="B_RegrssionFilter" class="FilterTest"/>
      </group> <!-- regression -->
      <group name="sanity">
        <method signature="ClarityTest.A_SanityClarity()[pri:0, instance:ClarityTest@55f3ddb1]" name="A_SanityClarity" class="ClarityTest"/>
        <method signature="FilterTest.A_SanityFilter()[pri:0, instance:FilterTest@cc285f4]" name="A_SanityFilter" class="FilterTest"/>
      </group> <!-- sanity -->
      <group name="full">
        <method signature="ClarityTest.A_SanityClarity()[pri:0, instance:ClarityTest@55f3ddb1]" name="A_SanityClarity" class="ClarityTest"/>
        <method signature="ClarityTest.B_RegressionClarity()[pri:0, instance:ClarityTest@55f3ddb1]" name="B_RegressionClarity" class="ClarityTest"/>
        <method signature="ClarityTest.C_FullClarity()[pri:0, instance:ClarityTest@55f3ddb1]" name="C_FullClarity" class="ClarityTest"/>
        <method signature="CropTest.A_RegressionCrop()[pri:0, instance:CropTest@8bd1b6a]" name="A_RegressionCrop" class="CropTest"/>
        <method signature="CropTest.B_RegressionCrop2()[pri:0, instance:CropTest@8bd1b6a]" name="B_RegressionCrop2" class="CropTest"/>
        <method signature="CropTest.C_FullCrop()[pri:0, instance:CropTest@8bd1b6a]" name="C_FullCrop" class="CropTest"/>
        <method signature="FilterTest.A_SanityFilter()[pri:0, instance:FilterTest@cc285f4]" name="A_SanityFilter" class="FilterTest"/>
        <method signature="FilterTest.B_RegrssionFilter()[pri:0, instance:FilterTest@cc285f4]" name="B_RegrssionFilter" class="FilterTest"/>
        <method signature="FilterTest.C_FullFilter()[pri:0, instance:FilterTest@cc285f4]" name="C_FullFilter" class="FilterTest"/>
      </group> <!-- full -->
    </groups>
    <test name="Test" duration-ms="42234" started-at="2019-09-28T17:05:53Z" finished-at="2019-09-28T17:06:35Z">
      <class name="CropTest">
        <test-method status="PASS" signature="A_RegressionCrop()[pri:0, instance:CropTest@8bd1b6a]" name="A_RegressionCrop" duration-ms="6" started-at="2019-09-28T17:06:35Z" finished-at="2019-09-28T17:06:35Z">
          <reporter-output>
          </reporter-output>
        </test-method> <!-- A_RegressionCrop -->
        <test-method status="PASS" signature="B_RegressionCrop2()[pri:0, instance:CropTest@8bd1b6a]" name="B_RegressionCrop2" duration-ms="6" started-at="2019-09-28T17:06:35Z" finished-at="2019-09-28T17:06:35Z">
          <reporter-output>
          </reporter-output>
        </test-method> <!-- B_RegressionCrop2 -->
        <test-method status="PASS" signature="C_FullCrop()[pri:0, instance:CropTest@8bd1b6a]" name="C_FullCrop" duration-ms="7" started-at="2019-09-28T17:06:35Z" finished-at="2019-09-28T17:06:35Z">
          <reporter-output>
          </reporter-output>
        </test-method> <!-- C_FullCrop -->
      </class> <!-- CropTest -->
      <class name="FilterTest">
        <test-method status="PASS" signature="A_SanityFilter()[pri:0, instance:FilterTest@cc285f4]" name="A_SanityFilter" duration-ms="15813" started-at="2019-09-28T17:05:53Z" finished-at="2019-09-28T17:06:09Z">
          <reporter-output>
          </reporter-output>
        </test-method> <!-- A_SanityFilter -->
        <test-method status="PASS" signature="B_RegrssionFilter()[pri:0, instance:FilterTest@cc285f4]" name="B_RegrssionFilter" duration-ms="13114" started-at="2019-09-28T17:06:09Z" finished-at="2019-09-28T17:06:22Z">
          <reporter-output>
          </reporter-output>
        </test-method> <!-- B_RegrssionFilter -->
        <test-method status="PASS" signature="C_FullFilter()[pri:0, instance:FilterTest@cc285f4]" name="C_FullFilter" duration-ms="13111" started-at="2019-09-28T17:06:22Z" finished-at="2019-09-28T17:06:35Z">
          <reporter-output>
          </reporter-output>
        </test-method> <!-- C_FullFilter -->
      </class> <!-- FilterTest -->
      <class name="ClarityTest">
        <test-method status="PASS" signature="CompileNDeployClarity()[pri:0, instance:ClarityTest@55f3ddb1]" name="CompileNDeployClarity" is-config="true" duration-ms="38" started-at="2019-09-28T17:05:53Z" finished-at="2019-09-28T17:05:53Z">
          <reporter-output>
          </reporter-output>
        </test-method> <!-- CompileNDeployClarity -->
        <test-method status="PASS" signature="CompileNDeployCrop()[pri:0, instance:CropTest@8bd1b6a]" name="CompileNDeployCrop" is-config="true" duration-ms="1" started-at="2019-09-28T17:05:53Z" finished-at="2019-09-28T17:05:53Z">
          <reporter-output>
          </reporter-output>
        </test-method> <!-- CompileNDeployCrop -->
        <test-method status="PASS" signature="CompileNDeployFilter()[pri:0, instance:FilterTest@cc285f4]" name="CompileNDeployFilter" is-config="true" duration-ms="0" started-at="2019-09-28T17:05:53Z" finished-at="2019-09-28T17:05:53Z">
          <reporter-output>
          </reporter-output>
        </test-method> <!-- CompileNDeployFilter -->
        <test-method status="PASS" signature="A_SanityClarity()[pri:0, instance:ClarityTest@55f3ddb1]" name="A_SanityClarity" duration-ms="4" started-at="2019-09-28T17:06:35Z" finished-at="2019-09-28T17:06:35Z">
          <reporter-output>
          </reporter-output>
        </test-method> <!-- A_SanityClarity -->
        <test-method status="PASS" signature="B_RegressionClarity()[pri:0, instance:ClarityTest@55f3ddb1]" name="B_RegressionClarity" duration-ms="4" started-at="2019-09-28T17:06:35Z" finished-at="2019-09-28T17:06:35Z">
          <reporter-output>
          </reporter-output>
        </test-method> <!-- B_RegressionClarity -->
        <test-method status="PASS" signature="C_FullClarity()[pri:0, instance:ClarityTest@55f3ddb1]" name="C_FullClarity" duration-ms="4" started-at="2019-09-28T17:06:35Z" finished-at="2019-09-28T17:06:35Z">
          <reporter-output>
          </reporter-output>
        </test-method> <!-- C_FullClarity -->
      </class> <!-- ClarityTest -->
    </test> <!-- Test -->
  </suite> <!-- Suite -->
</testng-results>
